# JRE version: OpenJDK Runtime Environment (8.0_152-b01) (build 1.8.0_152-release-915-b01)
# Java VM: OpenJDK 64-Bit Server VM (25.152-b01 mixed mode linux-amd64 compressed oops)
Heap:
 PSYoungGen      total 133120K, used 15360K [0x00000000e0000000, 0x00000000eb300000, 0x0000000100000000)
  eden space 117760K, 0% used [0x00000000e0000000,0x00000000e0000000,0x00000000e7300000)
  from space 15360K, 100% used [0x00000000ea400000,0x00000000eb300000,0x00000000eb300000)
  to   space 12288K, 0% used [0x00000000e7300000,0x00000000e7300000,0x00000000e7f00000)
 ParOldGen       total 57856K, used 32198K [0x00000000a0000000, 0x00000000a3880000, 0x00000000e0000000)
  object space 57856K, 55% used [0x00000000a0000000,0x00000000a1f71968,0x00000000a3880000)
 Metaspace       used 51176K, capacity 53066K, committed 53248K, reserved 1095680K
  class space    used 6993K, capacity 7409K, committed 7424K, reserved 1048576K
GC Heap History (10 events):
Event: 6.558 GC heap after
Heap after GC invocations=9 (full 1):
 PSYoungGen      total 101888K, used 7897K [0x00000000e0000000, 0x00000000e6e80000, 0x0000000100000000)
  eden space 92672K, 0% used [0x00000000e0000000,0x00000000e0000000,0x00000000e5a80000)
  from space 9216K, 85% used [0x00000000e6580000,0x00000000e6d36588,0x00000000e6e80000)
  to   space 10240K, 0% used [0x00000000e5a80000,0x00000000e5a80000,0x00000000e6480000)
 ParOldGen       total 37376K, used 9474K [0x00000000a0000000, 0x00000000a2480000, 0x00000000e0000000)
  object space 37376K, 25% used [0x00000000a0000000,0x00000000a0940b38,0x00000000a2480000)
 Metaspace       used 30510K, capacity 31190K, committed 31360K, reserved 1077248K
  class space    used 4122K, capacity 4375K, committed 4480K, reserved 1048576K
}
Event: 7.978 GC heap before
{Heap before GC invocations=10 (full 1):
 PSYoungGen      total 101888K, used 54250K [0x00000000e0000000, 0x00000000e6e80000, 0x0000000100000000)
  eden space 92672K, 50% used [0x00000000e0000000,0x00000000e2d442e8,0x00000000e5a80000)
  from space 9216K, 85% used [0x00000000e6580000,0x00000000e6d36588,0x00000000e6e80000)
  to   space 10240K, 0% used [0x00000000e5a80000,0x00000000e5a80000,0x00000000e6480000)
 ParOldGen       total 37376K, used 9474K [0x00000000a0000000, 0x00000000a2480000, 0x00000000e0000000)
  object space 37376K, 25% used [0x00000000a0000000,0x00000000a0940b38,0x00000000a2480000)
 Metaspace       used 34485K, capacity 35290K, committed 35456K, reserved 1079296K
  class space    used 4588K, capacity 4871K, committed 4992K, reserved 1048576K
Event: 7.991 GC heap after
Heap after GC invocations=10 (full 1):
 PSYoungGen      total 102912K, used 10061K [0x00000000e0000000, 0x00000000e8b00000, 0x0000000100000000)
  eden space 92672K, 0% used [0x00000000e0000000,0x00000000e0000000,0x00000000e5a80000)
  from space 10240K, 98% used [0x00000000e5a80000,0x00000000e6453630,0x00000000e6480000)
  to   space 11264K, 0% used [0x00000000e8000000,0x00000000e8000000,0x00000000e8b00000)
 ParOldGen       total 37376K, used 9482K [0x00000000a0000000, 0x00000000a2480000, 0x00000000e0000000)
  object space 37376K, 25% used [0x00000000a0000000,0x00000000a0942b38,0x00000000a2480000)
 Metaspace       used 34485K, capacity 35290K, committed 35456K, reserved 1079296K
  class space    used 4588K, capacity 4871K, committed 4992K, reserved 1048576K
}
Event: 7.991 GC heap before
{Heap before GC invocations=11 (full 2):
 PSYoungGen      total 102912K, used 10061K [0x00000000e0000000, 0x00000000e8b00000, 0x0000000100000000)
  eden space 92672K, 0% used [0x00000000e0000000,0x00000000e0000000,0x00000000e5a80000)
  from space 10240K, 98% used [0x00000000e5a80000,0x00000000e6453630,0x00000000e6480000)
  to   space 11264K, 0% used [0x00000000e8000000,0x00000000e8000000,0x00000000e8b00000)
 ParOldGen       total 37376K, used 9482K [0x00000000a0000000, 0x00000000a2480000, 0x00000000e0000000)
  object space 37376K, 25% used [0x00000000a0000000,0x00000000a0942b38,0x00000000a2480000)
 Metaspace       used 34485K, capacity 35290K, committed 35456K, reserved 1079296K
  class space    used 4588K, capacity 4871K, committed 4992K, reserved 1048576K
Event: 8.077 GC heap after
Heap after GC invocations=11 (full 2):
 PSYoungGen      total 102912K, used 0K [0x00000000e0000000, 0x00000000e8b00000, 0x0000000100000000)
  eden space 92672K, 0% used [0x00000000e0000000,0x00000000e0000000,0x00000000e5a80000)
  from space 10240K, 0% used [0x00000000e5a80000,0x00000000e5a80000,0x00000000e6480000)
  to   space 11264K, 0% used [0x00000000e8000000,0x00000000e8000000,0x00000000e8b00000)
 ParOldGen       total 57856K, used 16439K [0x00000000a0000000, 0x00000000a3880000, 0x00000000e0000000)
  object space 57856K, 28% used [0x00000000a0000000,0x00000000a100dcc0,0x00000000a3880000)
 Metaspace       used 34485K, capacity 35290K, committed 35456K, reserved 1079296K
  class space    used 4588K, capacity 4871K, committed 4992K, reserved 1048576K
}
Event: 9.115 GC heap before
{Heap before GC invocations=12 (full 2):
 PSYoungGen      total 102912K, used 92672K [0x00000000e0000000, 0x00000000e8b00000, 0x0000000100000000)
  eden space 92672K, 100% used [0x00000000e0000000,0x00000000e5a80000,0x00000000e5a80000)
  from space 10240K, 0% used [0x00000000e5a80000,0x00000000e5a80000,0x00000000e6480000)
  to   space 11264K, 0% used [0x00000000e8000000,0x00000000e8000000,0x00000000e8b00000)
 ParOldGen       total 57856K, used 16439K [0x00000000a0000000, 0x00000000a3880000, 0x00000000e0000000)
  object space 57856K, 28% used [0x00000000a0000000,0x00000000a100dcc0,0x00000000a3880000)
 Metaspace       used 38825K, capacity 39666K, committed 39808K, reserved 1083392K
  class space    used 5140K, capacity 5418K, committed 5504K, reserved 1048576K
Event: 9.132 GC heap after
Heap after GC invocations=12 (full 2):
 PSYoungGen      total 129024K, used 9296K [0x00000000e0000000, 0x00000000e8b00000, 0x0000000100000000)
  eden space 117760K, 0% used [0x00000000e0000000,0x00000000e0000000,0x00000000e7300000)
  from space 11264K, 82% used [0x00000000e8000000,0x00000000e8914138,0x00000000e8b00000)
  to   space 12288K, 0% used [0x00000000e7300000,0x00000000e7300000,0x00000000e7f00000)
 ParOldGen       total 57856K, used 16447K [0x00000000a0000000, 0x00000000a3880000, 0x00000000e0000000)
  object space 57856K, 28% used [0x00000000a0000000,0x00000000a100fcc0,0x00000000a3880000)
 Metaspace       used 38825K, capacity 39666K, committed 39808K, reserved 1083392K
  class space    used 5140K, capacity 5418K, committed 5504K, reserved 1048576K
}
Event: 11.134 GC heap before
{Heap before GC invocations=13 (full 2):
 PSYoungGen      total 129024K, used 127056K [0x00000000e0000000, 0x00000000e8b00000, 0x0000000100000000)
  eden space 117760K, 100% used [0x00000000e0000000,0x00000000e7300000,0x00000000e7300000)
  from space 11264K, 82% used [0x00000000e8000000,0x00000000e8914138,0x00000000e8b00000)
  to   space 12288K, 0% used [0x00000000e7300000,0x00000000e7300000,0x00000000e7f00000)
 ParOldGen       total 57856K, used 16447K [0x00000000a0000000, 0x00000000a3880000, 0x00000000e0000000)
  object space 57856K, 28% used [0x00000000a0000000,0x00000000a100fcc0,0x00000000a3880000)
 Metaspace       used 47440K, capacity 48984K, committed 49152K, reserved 1091584K
  class space    used 6398K, capacity 6785K, committed 6912K, reserved 1048576K
Event: 11.181 GC heap after
Heap after GC invocations=13 (full 2):
 PSYoungGen      total 130048K, used 12271K [0x00000000e0000000, 0x00000000eb300000, 0x0000000100000000)
  eden space 117760K, 0% used [0x00000000e0000000,0x00000000e0000000,0x00000000e7300000)
  from space 12288K, 99% used [0x00000000e7300000,0x00000000e7efbff0,0x00000000e7f00000)
  to   space 15360K, 0% used [0x00000000ea400000,0x00000000ea400000,0x00000000eb300000)
 ParOldGen       total 57856K, used 21232K [0x00000000a0000000, 0x00000000a3880000, 0x00000000e0000000)
  object space 57856K, 36% used [0x00000000a0000000,0x00000000a14bc2c8,0x00000000a3880000)
 Metaspace       used 47440K, capacity 48984K, committed 49152K, reserved 1091584K
  class space    used 6398K, capacity 6785K, committed 6912K, reserved 1048576K
}
Event: 12.943 GC heap before
{Heap before GC invocations=14 (full 2):
 PSYoungGen      total 130048K, used 130031K [0x00000000e0000000, 0x00000000eb300000, 0x0000000100000000)
  eden space 117760K, 100% used [0x00000000e0000000,0x00000000e7300000,0x00000000e7300000)
  from space 12288K, 99% used [0x00000000e7300000,0x00000000e7efbff0,0x00000000e7f00000)
  to   space 15360K, 0% used [0x00000000ea400000,0x00000000ea400000,0x00000000eb300000)
 ParOldGen       total 57856K, used 21232K [0x00000000a0000000, 0x00000000a3880000, 0x00000000e0000000)
  object space 57856K, 36% used [0x00000000a0000000,0x00000000a14bc2c8,0x00000000a3880000)
 Metaspace       used 51176K, capacity 53066K, committed 53248K, reserved 1095680K
  class space    used 6993K, capacity 7409K, committed 7424K, reserved 1048576K

